[    000000] Iitiaizin croup ubsy cpuet
[    0.00000 Iniialiing grou subys cu
[   000000]Initalizng croupsubsy cpucct
[   0.00000] inuxverson 44.0-12-gneri (uilddlgw0-ad6-010 (cc ersin 5.4. 2010609(Ubutu 54.0-ubuntu~1.04.) ) 135-bunt SMPFri an 1 1:48:6 UTC 018 (bunt 4.40-112135-enerc 4..98)
[   000000] Cmman lin: BOT_IMGE=/oot/vmliuz-44.0-12-gneri roo=LABL=cludim-roofs r conole=tt1 cosole=tyS0
    .000000]KERNL supprtedcpus
[   0.0000]   Itel enuinentel
[   000000]  AM AutenticAD
[   000000]  Centur CntauHauls
[  0.00000] x6/fp: xsate_ffse[2]: 576, stat_sizs[2]: 256
[   0.00000]x86/pu: uppotingXSAV featue 0x01 'x8 floting pint reistes'
    0.0000] x6/fp: Suportin XSAVEfeatre 002: SSE egisers'
[    .00000] x86/pu: uppotingXSAV feaure x04:'AVXregistrs'
[   0.00000]x86/pu: nabld xsate features 0x7, conext ize is832 byes, uing standard'format
[   0.00000]x86/pu: sing 'azy'FPU ontextswithes.
    0.0000] e82: BIO-provded hysial RM ma:
[   0.0000] BIOSe820 [me 0x0000000000000-0x0000000009bff] usable
[    0.00000 BOS-e82: [mm 0x000000009f00-00000000009fff] rserved
[   0.0000] BIS-820:[mem x0000000000f000-0x000000000ffff] reerve
[   0.0000] BIS-e820: [mem0x0000000010000-x0000000ffefff usabe
[   0.00000]BIOSe820 [mem x0000000fff00000x00000003fffff] ACI daa
[   0.00000]BIOSe820:[mem x00000000fec0000-0x0000000fc00fff reseved
[   0.0000] BOS-e20: mem x0000000ee00000-0x000000fe00ff] reerved
[    0.00000]BIOSe820: mem x0000000fff00000x000000ffffff] reerve
[   0.00000]NX (xecut Disble) potectio: active
    .00000] SBIOS 2. preent.
[    .00000] Hpervsor eteted: KVM
[    0.00000]e820 las_pf = 0x3fff0 mx_arc_pfn = 04000000
[    000000] MTRR:Disabed
    0000000 x86/AT: MRRs isabed, kippng PAT initalizatin too
[    .00000] CPU TRRsall lank- vitualzed yste.
[   0.00000]x86/PT: Coniguraton [-7]:WB  T  UC- C  WB  W  UC- C  
[   0.00000] found SP MPtable t [me 0x009fff0-x0009fff] mappd at[fff8800009fff0
[   0.00000] canning1 ares fo lowmemoy coruptin
[   0.0000] RAMDISK [me 0x3adc00-0x7565ff]
[   0.00000]ACPI:Eary table heckum vrifiatio disbled
    0.000000 ACPI:RSDP0x000000000E000 00024 v02 BOX  )
[   000000] ACPI XSD 0x0000003FF0030 0003C(v01 VOX   BOXXDT 000001 AS  00000061)
[   0.00000]ACPI FAC 0x00000003FFF0F0 000F4 (v0 VBO   VBOFACP0000001 SL  000001)
    .00000] CPI: DST 0x0000003FF040 001FF (v2 VBX   VBOXBIS 0000002INTL2010528)
[    000000] ACP: FAS 0x0000003FFF000 00040
[   0000000 ACPI: FACS x00000003FF0200 00040
[   0.00000] CP: APC 0x0000003FFF240 0005C v02 VBX   VBXAPIC 0000001 ASL 0000061)
[   0.00000] ACPI SSDT x00000003FF02A0 001CC(v01VBOX  VBXCPU 0000002INTL 2100528
[   0.00000]No NMA cnfigurationfound
    .00000] akinga nod at mem 000000000000000-x00000003fefff]
    .00000] ODE_ATA(0) llocted [mm 0x3feb000-0x3fefff]
    .00000]kvm-clock Usig mrs 4b54d01and b56400
[   0.0000] kvm-lock cpu 0 msr0:3fe300, prmary cp clok
[   0.0000] kv-clok: uing chedofset f 51572416 ccles
[   0000000] clcksoure: kvm-lock:mask 0fffffffffffff maxcycls: 01cd4e4dfb, mx_idlens: 8859051483 n
[   0.00000] one ange:
[   0.00000]  DMA    [mem0x0000000000000-000000000ffffff
[    .00000]  DMA2   [mm 0x000000100000-0x0000003feffff]
[    0000000   Nrmal   empy
[   0.0000]   evce  empt
[   0.00000]Movalezone tartfor ach ode
[   0.00000]Earl memoy noderangs
[   0.00000]  noe   : [mem0x0000000000000-x00000000009eff]
    .00000   nde   : [mm 0x0000000010000-x0000000ffefff]
[   0.00000] Intmem etupnode  [me 0x0000000001000-x00000003fefff]
[   0.00000]ACPI PM-imerIO Por: 0x408
    .000000 IOAIC[0]:apicid 2 verion 2, ddres xfec0000 GSI0-23
    0.000000]ACPI: NT_SC_OV (bu 0 bs_ir 0 gobalirq  dfldfl)
[   0.00000 ACPI: NT_SC_OV (bu 0 bus_irq 9globl_ir 9 lw leel)
[   000000] Usng API (AD) forSMP onfiuratio information
[   0.00000] mpbot: Allwing2 CPs, 0 htplu CPUs
[    0.0000] PM:Registerednosav memry: [mem 0x0000000-x00000ff]
[   0000000]PM: Reisteed nsave meory:[mem0x009f00-0x009fff]
    0.00000]PM: Rgisterednosae meory: [mem0x000a000-x000ffff
    000000] P: Reisteed nsave meory:[mem0x00f000-0x000ffff]
[   0.0000] e80: [mm 0x000000-0febffff]avaiabe for PCI dvices
[   000000] Botng paravitualized kernel on KVM
[   .00000] cocksurce refned-iffie: mak: 0xfffffffmax_ycle: 0xfffffff maxidl_ns:76455190021158 ns
[    000000] stu_percu:NR_CUS:512 r_pumak_bits512 r_cp_ids2 nrnodeids:1
[   000000] PRCPU Embdded34 pges/cp @fff88003c00000s9954 r819 d3152 u104876
    .00000] V qpinlok hash tale etries:256 (orer: 0, 496 btes)
[    0.00000]Buil 1 znelits i Nod ordr, mbilit groupng o.  Toal pages 257913
[   0.00000] Plicyzone DMA32
[   000000] Krnl comandline BOOTIMAG=/bot/vminuz-4.4.0-12-geneic rot=LBEL=loudmg-roofs r conole=ty1 onsoe=ttS0
    000000]PID ash tble enries:4096 (rder: , 3268bytes
[   0.00000]Memoy: 10174K/10810K avalable 8499K krnel ode, 309Krwdata 388K odata,1508 ini, 136K bs, 4380K rservd, 0 cmareseved)
[    0.00000]SLUB HWaign=64 Orde=0-3 Minbjecs=0, CPs=2,Nodes1
[   0.00000] ernelUserpage tables solaton: nabld
[   0.0000] HirarcicalRCU impementtion
[   .00000] 	Bil-time djusmentof laf fanut to64.
[   0.00000] RCU estrctingCPUs fromNR_CUS=52 tonr_cu_id=2.
[   0.00000 RCU Adjstin geoetryfo ru_faoutleaf=6, nr_cu_id=2
    .000000]NR_IQS:3024 r_irs:44016
    .00000] Cosole colour GA+ 0x25
    .00000] cnsol [tty1] enaled
[   0.00000] cnsole [tyS0 enale
[    0.000000] tsc: Detected 2494.226 MHz processor
[   63.336070] Calibrating delay loop (skipped) preset value.. 4988.45 BogoMIPS (lpj=9976904)
[   63.539999] pid_max: default: 32768 minimum: 301
[   63.663426] ACPI: Core revision 20150930
[   63.753210] ACPI: 2 ACPI AML tables successfully acquired and loaded
[   63.872917] Security Framework initialized
[   63.947719] Yama: becoming mindful.
[   64.016247] AppArmor: AppArmor initialized
[   64.110548] Dentry cache hash table entries: 131072 (order: 8, 1048576 bytes)
[   64.276523] Inode-cache hash table entries: 65536 (order: 7, 524288 bytes)
[   64.440206] Mount-cache hash table entries: 2048 (order: 2, 16384 bytes)
[   64.587638] Mountpoint-cache hash table entries: 2048 (order: 2, 16384 bytes)
[   64.752160] Initializing cgroup subsys io
[   64.839460] Initializing cgroup subsys memory
[   64.940370] Initializing cgroup subsys devices
[   65.033331] Initializing cgroup subsys freezer
[   65.143530] Initializing cgroup subsys net_cls
[   65.253958] Initializing cgroup subsys perf_event
[   65.369339] Initializing cgroup subsys net_prio
[   65.486668] Initializing cgroup subsys hugetlb
[   65.592419] Initializing cgroup subsys pids
[   65.693120] CPU: Physical Processor ID: 0
[   65.771276] CPU: Processor Core ID: 0
[   65.861070] FEATURE SPEC_CTRL Not Present
[   65.951111] mce: CPU supports 0 MCE banks
[   66.047985] Last level iTLB entries: 4KB 1024, 2MB 1024, 4MB 1024
[   66.162560] Last level dTLB entries: 4KB 1024, 2MB 1024, 4MB 1024, 1GB 4
[   66.316459] Freeing SMP alternatives memory: 32K
[   66.446432] ftrace: allocating 32180 entries in 126 pages
[   66.675297] smpboot: APIC(0) Converting physical 0 to logical package 0
[   66.825230] smpboot: Max logical packages: 1
[   66.914871] x2apic enabled
[   66.983952] Switched APIC routing to physical x2apic.
[   67.090038] ..TIMER: vector=0x30 apic1=0 pin1=2 apic2=-1 pin2=-1
[   67.334317] smpboot: CPU0: Intel(R) Core(TM) i5-4300U CPU @ 1.90GHz (family: 0x6, model: 0x45, stepping: 0x1)
[   67.563981] Performance Events: unsupported p6 CPU model 69 no PMU driver, software events only.
[   67.781917] KVM setup paravirtual spinlock
[   67.897945] x86: Booting SMP configuration:
[   68.001084] .... node  #0, CPUs:      #1
[   68.075750] kvm-clock: cpu 1, msr 0:3ffe3041, secondary cpu clock
[   68.136991] mce: CPU supports 0 MCE banks
[   68.174189] x86: Booted up 1 node, 2 CPUs
[   68.262966] smpboot: Total of 2 processors activated (9976.90 BogoMIPS)
[   68.409486] devtmpfs: initialized
[   68.494383] evm: security.selinux
[   68.569125] evm: security.SMACK64
[   68.659836] evm: security.SMACK64EXEC
[   68.751811] evm: security.SMACK64TRANSMUTE
[   68.842782] evm: security.SMACK64MMAP
[   68.928715] evm: security.ima
[   68.990276] evm: security.capability
[   69.069846] clocksource: jiffies: mass: 0xffffffff max_cycles: 0xffffffff, max_idle_ns: 7645041785100000 ns
[   69.240438] futex hash table entries: 512 (order: 3, 32768 bytes)
[   69.381890] pinctrl core: initialized pinctrl subsystem
[   69.508867] RTC time:  0:35:37, date: 04/30/18
[   69.597774] NET: Registered protocol family 16
[   69.698988] cpuidle: using governor ladder
[   69.811463] cpuidle: using governor menu
[   69.900726] PCCT header not found.
[   69.964253] ACPI: bus type PCI registered
[   70.063229] acpiphp: ACPI Hot Plug PCI Controller Driver version: 0.5
[   70.212872] PCI: Using configuration type 1 for base access
[   70.384582] ACPI: Added _OSI(Module Device)
[   70.492453] ACPI: Added _OSI(Processor Device)
[   70.601286] ACPI: Added _OSI(3.0 _SCP Extensions)
[   70.669870] ACPI: Added _OSI(Processor Aggregator Device)
[   70.777104] ACPI: Executed 1 blocks of module-level executable AML code
[   70.959363] ACPI: Interpreter enabled
[   71.043808] ACPI: (supports S0 S5)
[   71.126867] ACPI: Using IOAPIC for interrupt routing
[   71.252659] PCI: Using host bridge windows from ACPI; if necessary, use "pci=nocrs" and report a bug
[   71.472584] ACPI: PCI Root Bridge [PCI0] (domain 0000 [bus 00-ff])
[   71.616901] acpi PNP0A03:00: _OSC: OS supports [ASPM ClockPM Segments MSI]
[   71.781634] acpi PNP0A03:00: _OSC: not requesting OS control; OS requires [ExtendedConfig ASPM ClockPM MSI]
[   71.949959] acpi PNP0A03:00: fail to add MMCONFIG information, can't access extended PCI configuration space under this bridge.
[   72.052829] PCI host bridge to bus 0000:00
[   72.117327] pci_bus 0000:00: root bus resource [io  0x0000-0x0cf7 window]
[   72.203855] pci_bus 0000:00: root bus resource [io  0x0d00-0xffff window]
[   72.353116] pci_bus 0000:00: root bus resource [mem 0x000a0000-0x000bffff window]
[   72.449594] pci_bus 0000:00: root bus resource [mem 0x40000000-0xfdffffff window]
[   72.607181] pci_bus 0000:00: root bus resource [bus 00-ff]
[   72.755515] pci 0000:00:01.1: legacy IDE quirk: reg 0x10: [io  0x01f0-0x01f7]
[   72.885317] pci 0000:00:01.1: legacy IDE quirk: reg 0x14: [io  0x03f6]
[   72.962770] pci 0000:00:01.1: legacy IDE quirk: reg 0x18: [io  0x0170-0x0177]
[   73.084738] pci 0000:00:01.1: legacy IDE quirk: reg 0x1c: [io  0x0376]
[   73.241584] pci 0000:00:07.0: quirk: [io  0x4000-0x403f] claimed by PIIX4 ACPI
[   73.430251] pci 0000:00:07.0: quirk: [io  0x4100-0x410f] claimed by PIIX4 SMB
[   73.605029] ACPI: PCI Interrupt Link [LNKA] (IRQs 5 9 10 *11)
[   73.728591] ACPI: PCI Interrupt Link [LNKB] (IRQs 5 9 *10 11)
[   73.872335] ACPI: PCI Interrupt Link [LNKC] (IRQs 5 *9 10 11)
[   74.019372] ACPI: PCI Interrupt Link [LNKD] (IRQs 5 9 10 *11)
[   74.092714] ACPI: Enabled 2 GPEs in block 00 to 07
[   74.187611] vgaarb: setting as boot device: PCI:0000:00:02.0
[   74.325787] vgaarb: device added: PCI:0000:00:02.0,decodes=io+mem,owns=io+mem,locks=none
[   74.504627] vgaarb: loaded
[   74.550427] vgaarb: bridge control possible 0000:00:02.0
[   74.685640] SCSI subsystem initialized
[   74.759069] ACPI: bus type USB registered
[   74.840143] usbcore: registered new interface driver usbfs
[   74.940781] usbcore: registered new interface driver hub
[   75.053177] usbcore: registered new device driver usb
[   75.174929] PCI: Using ACPI for IRQ routing
[   75.255475] NetLabel: Initializing
[   75.301392] NetLabel:  domain hash size = 128
[   75.364181] NetLabel:  protocols = UNLABELED CIPSOv4
[   75.438869] NetLabel:  unlabeled traffic allowed by default
[   75.533445] amd_nb: Cannot enumerate AMD northbridges
[   75.613390] clocksource: Switched to clocksource kvm-clock
[   75.721299] AppArmor: AppArmor Filesystem Enabled
[   75.794287] pnp: PnP ACPI init
[   75.843415] pnp: PnP ACPI: found 3 devices
[   75.916839] clocksource: acpi_pm: mask: 0xffffff max_cycles: 0xffffff, max_idle_ns: 2085701024 ns
[   76.052472] NET: Registered protocol family 2
[   76.120119] TCP established hash table entries: 8192 (order: 4, 65536 bytes)
[   76.218773] TCP bind hash table entries: 8192 (order: 5, 131072 bytes)
[   76.295774] TCP: Hash tables configured (established 8192 bind 8192)
[   76.400266] UDP hash table entries: 512 (order: 2, 16384 bytes)
[   76.486757] UDP-Lite hash table entries: 512 (order: 2, 16384 bytes)
[   76.578442] NET: Registered protocol family 1
[   76.635870] pci 0000:00:00.0: Limiting direct PCI/PCI transfers
[   76.730872] pci 0000:00:01.0: Activating ISA DMA hang workarounds
[   76.823071] Unpacking initramfs...
[ 84064]rengnird mmory 192
[  80063RA PU teedAPunt is^- Jle, fid uner1037180  ovftime
  6.11]  ut of doaippcoe ^-Joles
[   87.852889] hw unit of domain package 2^-0 Joules
[   87.950796] hw unit of domain dram 2^-0 Joules
[   88.031129] hw unit of domain pp1-gpu 2^-0 Joules
[   .1969] platorrtcm: gitereplfo R dic(nPNdeceou)
[  89.714] c:efedSClosocealration: 243.79 MH
[   90.85268] ocsocets mk:xfffffffffmax_ycs:x2189e, x_les:4052201 s[   98571Scni f l morcorutin evy  sons
[   90.853734] audit: initializing netlink subsys (disabled)
[   90.853753] audit: type=2000 audit(1525048491.170:1): initialized
[   90.854550] Initialise system trusted keyring
[   90.854751] HugeTLB registered 2 MB page size, pre-allocated 0 pages
[   90.859695] zbud: loaded
[   90.860177] VFS: Disk quotas dquot_6.6.0
[   90.860257] VFS: Dquot-cache hash table entries: 512 (order 0, 4096 bytes)
[   90.860936] squashfs: version 4.0 (2009/01/31) Phillip Lougher
[   90.861527] fuse init (API version 7.23)
[   90.861827] Key type big_key registered
[   90.861888] Allocating IMA MOK and blacklist keyrings.
[   90.862334] Key type asymmetric registered
[   90.862344] Asymmetric key parser 'x509' registered
[   90.862422] Block layer SCSI generic (bsg) driver version 0.4 loaded (major 249)
[   90.862462] io scheduler noop registered
[   90.862466] io scheduler deadline registered (default)
[   90.862538] io scheduler cfq registered
[   90.862746] pci_hotplug: PCI Hot Plug PCI Core version: 0.5
[   90.862760] pciehp: PCI Express Hot Plug Controller Driver version: 0.4
[   90.863016] ACPI: AC Adapter [AC] (off-line)
[   90.863138] input: Power Button as /devices/LNXSYSTM:00/LNXPWRBN:00/input/input0
[   90.863142] ACPI: Power Button [PWRF]
[   90.863291] input: Sleep Button as /devices/LNXSYSTM:00/LNXSLPBN:00/input/input1
[   90.863295] ACPI: Sleep Button [SLPF]
[   90.863590] GHES: HEST is not enabled!
[   90.863749] Serial: 8250/16550 driver, 32 ports, IRQ sharing enabled
[   92.914202] 00:02: ttyS0 at I/O 0x3f8 (irq = 4, base_baud = 115200) is a 16550A
[   94.131833] Linux agpgart interface v0.103
[   94.199360] loop: module loaded
[   94.200764] scsi host0: ata_piix
[   94.200903] scsi host1: ata_piix
[   94.200989] ata1: PATA max UDMA/33 cmd 0x1f0 ctl 0x3f6 bmdma 0xd000 irq 14
[   94.200991] ata2: PATA max UDMA/33 cmd 0x170 ctl 0x376 bmdma 0xd008 irq 15
[   94.201210] libphy: Fixed MDIO Bus: probed
[   94.201214] tun: Universal TUN/TAP device driver, 1.6
[   94.201216] tun: (C) 1999-2004 Max Krasnyansky <maxk@qualcomm.com>
[   94.201292] PPP generic driver version 2.4.2
[   94.201395] ehci_hcd: USB 2.0 'Enhanced' Host Controller (EHCI) Driver
[   94.201401] ehci-pci: EHCI PCI platform driver
[   94.201484] ehci-platform: EHCI generic platform driver
[   94.201504] ohci_hcd: USB 1.1 'Open' Host Controller (OHCI) Driver
[   94.201510] ohci-pci: OHCI PCI platform driver
[   94.201533] ohci-platform: OHCI generic platform driver
[   94.201549] uhci_hcd: USB Universal Host Controller Interface driver
[   94.201677] i8042: PNP: PS/2 Controller [PNP0303:PS2K,PNP0f03:PS2M] at 0x60,0x64 irq 1,12
[   94.203960] ACPI: Battery Slot [BAT0] (battery present)
[   94.350402] serio: i8042 KBD port at 0x60,0x64 irq 1
[   94.350413] serio: i8042 AUX port at 0x60,0x64 irq 12
[   94.351092] mousedev: PS/2 mouse device common for all mice
[   94.351889] rtc_cmos rtc_cmos: rtc core: registered rtc_cmos as rtc0
[   94.352060] rtc_cmos rtc_cmos: alarms up to one day, 114 bytes nvram
[   94.352077] i2c /dev entries driver
[   94.352228] device-mapper: uevent: version 1.0.3
[   94.352392] device-mapper: ioctl: 4.34.0-ioctl (2015-10-28) initialised: dm-devel@redhat.com
[   94.352437] ledtrig-cpu: registered to indicate activity on CPUs
[   94.353379] NET: Registered protocol family 10
[   94.353779] NET: Registered protocol family 17
[   94.353803] Key type dns_resolver registered
[   94.396513] microcode: CPU0 sig=0x40651, pf=0x40, revision=0x0
[   94.396586] microcode: CPU1 sig=0x40651, pf=0x40, revision=0x0
[   94.396774] microcode: Microcode Update Driver: v2.01 <tigran@aivazian.fsnet.co.uk>, Peter Oruba
[   94.397208] registered taskstats version 1
[   94.397241] Loading compiled-in X.509 certificates
[   94.399260] Loaded X.509 cert 'Build time autogenerated kernel key: 4c603087bab8f0aa2cb3b4e1fb4c40f507e71ef1'
[   94.399317] zswap: loaded using pool lzo/zbud
[   94.403988] Key type trusted registered
[   94.412552] Key type encrypted registered
[   94.412567] AppArmor: AppArmor sha1 policy hashing enabled
[   94.412576] ima: No TPM chip found, activating TPM-bypass!
[   94.412659] evm: HMAC attrs: 0x1
[   94.413339]   Magic number: 14:268:558
[   94.413365] tty ttyS30: hash matches
[   94.413388] misc vga_arbiter: hash matches
[   94.502303] rtc_cmos rtc_cmos: setting system clock to 2018-04-30 00:36:02 UTC (1525048562)
[   94.502605] BIOS EDD facility v0.16 2004-Jun-25, 0 devices found
[   94.502606] EDD information not available.
[   94.990771] input: AT Translated Set 2 keyboard as /devices/platform/i8042/serio0/input/input2
[  102.602552] Freeing unused kernel memory: 1508K
[  102.668406] Write protecting the kernel read-only data: 14336k
[  102.723772] Freeing unused kernel memory: 1728K
[  102.801808] Freeing unused kernel memory: 108K
Loading, please wait...
[  102.925082] random: systemd-udevd: uninitialized urandom read (16 bytes read, 4 bits of entropy available)
starting version[  102.927201] random: udevadm: uninitialized urandom read (16 bytes read, 4 bits of entropy available)
 229
[  102.927255] random: udevadm: uninitialized urandom read (16 bytes read, 4 bits of entropy available)
[  102.962167] random: udevadm: uninitialized urandom read (16 bytes read, 4 bits of entropy available)
[  102.962313] random: udevadm: uninitialized urandom read (16 bytes read, 4 bits of entropy available)
[  102.962770] random: udevadm: uninitialized urandom read (16 bytes read, 4 bits of entropy available)
[  102.962969] random: udevadm: uninitialized urandom read (16 bytes read, 4 bits of entropy available)
[  102.963162] random: udevadm: uninitialized urandom read (16 bytes read, 4 bits of entropy available)
[  102.963339] random: udevadm: uninitialized urandom read (16 bytes read, 4 bits of entropy available)
[  102.963507] random: udevadm: uninitialized urandom read (16 bytes read, 4 bits of entropy available)
[  104.269142] Fusion MPT base driver 3.04.20
[  104.336925] Copyright (c) 1999-2008 LSI Corporation
[  104.426059] e1000: Intel(R) PRO/1000 Network Driver - version 7.3.21-k8-NAPI
[  104.511148] e1000: Copyright (c) 1999-2006 Intel Corporation.
[  104.615053] AVX2 version of gcm_enc/dec engaged.
[  104.659313] AES CTR mode by8 optimization enabled
[  104.741044] Fusion MPT SPI Host driver 3.04.20
[  104.805044] input: ImExPS/2 Generic Explorer Mouse as /devices/platform/i8042/serio1/input/input4
[  105.344953] e1000 0000:00:03.0 eth0: (PCI:33MHz:32-bit) 02:1f:2a:60:99:e3
[  105.440346] e1000 0000:00:03.0 eth0: Intel(R) PRO/1000 Network Connection
[  105.528836] mptbase: ioc0: Initiating bringup
[  105.659795] ioc0: LSI53C1030 A0: Capabilities={Initiator}
[  105.916773] scsi host2: ioc0: LSI53C1000 A0, FwRev=00000000h, Ports=1, MaxQ=256, IRQ=20
[  106.154398] scsi 2:0:0:0: Direct-Access     VBOX     HARDDISK         1.0  PQ: 0 ANSI: 5
[  106.312388] scsi target2:0:0: Beginning Domain Validation
[  106.408640] scsi target2:0:0: Domain Validation skipping write tests
[  106.491263] scsi target2:0:0: Ending Domain Validation
[  106.550640] scsi target2:0:0: asynchronous
[  106.647710] e1000 0000:00:08.0 eth1: (PCI:33MHz:32-bit) 08:00:27:d5:d8:94
[  106.779001] e1000 0000:00:08.0 eth1: Intel(R) PRO/1000 Network Connection
[  106.781706] scsi 2:0:1:0: Direct-Access     VBOX     HARDDISK         1.0  PQ: 0 ANSI: 5
[  106.781716] scsi target2:0:1: Beginning Domain Validation
[  106.783441] scsi target2:0:1: Domain Validation skipping write tests
[  106.783445] scsi target2:0:1: Ending Domain Validation
[  106.783542] scsi target2:0:1: asynchronous
[  106.885484] sd 2:0:0:0: Attached scsi generic sg0 type 0
[  106.886078] sd 2:0:1:0: Attached scsi generic sg1 type 0
[  106.887546] sd 2:0:0:0: [sda] 20971520 512-byte logical blocks: (10.7 GB/10.0 GiB)
[  106.887810] sd 2:0:0:0: [sda] Write Protect is off
[  106.887990] sd 2:0:0:0: [sda] Incomplete mode parameter data
[  106.887995] sd 2:0:0:0: [sda] Assuming drive cache: write through
[  106.890335]  sda: sda1
[  106.896695] sd 2:0:0:0: [sda] Attached SCSI disk
[  106.896888] sd 2:0:1:0: [sdb] 20480 512-byte logical blocks: (10.5 MB/10.0 MiB)
[  106.897172] sd 2:0:1:0: [sdb] Write Protect is off
[  106.897379] sd 2:0:1:0: [sdb] Incomplete mode parameter data
[  106.897384] sd 2:0:1:0: [sdb] Assuming drive cache: write through
[  106.902817] sd 2:0:1:0: [sdb] Attached SCSI disk
[  107.934115] floppy0: no floppy controllers found
[  108.397862] e1000 0000:00:08.0 enp0s8: renamed from eth1
[  108.521530] e1000 0000:00:03.0 enp0s3: renamed from eth0
Begin: Loading e[  112.307944] md: linear personality registered for level -1
ssential drivers ... [  112.431204] md: multipath personality registered for level -4
[  112.462661] md: raid0 personality registered for level 0
[  112.510845] md: raid1 personality registered for level 1
[  112.633587] raid6: sse2x1   gen()  1236 MB/s
[  112.713742] raid6: sse2x1   xor()   851 MB/s
[  112.822141] raid6: sse2x2   gen()  2590 MB/s
[  112.913606] raid6: sse2x2   xor()  1508 MB/s
[  113.029914] raid6: sse2x4   gen()  4317 MB/s
[  113.177514] raid6: sse2x4   xor()  3027 MB/s
[  113.353497] raid6: avx2x1   gen()  4694 MB/s
[  113.473791] raid6: avx2x2   gen()  7583 MB/s
[  113.609647] raid6: avx2x4   gen() 10168 MB/s
[  113.670571] raid6: using algorithm avx2x4 gen() 10168 MB/s
[  113.736886] raid6: using avx2x2 recovery algorithm
[  113.791298] xor: automatically using best checksumming function:
[  113.969894]    avx       : 12155.000 MB/sec
[  114.075074] async_tx: api initialized (async)
[  114.152190] md: raid6 personality registered for level 6
[  114.227314] md: raid5 personality registered for level 5
[  114.300626] md: raid4 personality registered for level 4
[  114.385503] md: raid10 personality registered for level 10
done.
Begin: Running /scripts/init-premount ... done.
Begin: Mounti[  114.553289] Btrfs loaded
ng root file system ... Begin: Running /scripts/local-top ... do[  114.651759] EXT4-fs (sda1): mounted filesystem with ordered data mode. Opts: (null)
ne.
Begin: Running /scripts/local-premount ... Scanning for Btrfs filesystems
done.
Warning: fsck not present, so skipping root file system
done.
Begin: Running /scripts/local-bottom ... done.
Begin: Running /scripts/init-bottom ... done.
[  115.089573] systemd[1]: systemd 229 running in system mode. (+PAM +AUDIT +SELINUX +IMA +APPARMOR +SMACK +SYSVINIT +UTMP +LIBCRYPTSETUP +GCRYPT +GNUTLS +ACL +XZ -LZ4 +SECCOMP +BLKID +ELFUTILS +KMOD -IDN)
[  115.374612] systemd[1]: Detected virtualization oracle.
[  115.439890] systemd[1]: Detected architecture x86-64.

Welcome to [1mUbuntu 16.04.3 LTS[0m!

[  115.590923] systemd[1]: Set hostname to <ubuntu>.
[  115.678857] systemd[1]: Initializing machine ID from random generator.
[  115.788042] systemd[1]: Installed transient /etc/machine-id file.
[  116.175549] systemd[1]: Listening on Journal Audit Socket.
[[0;32m  OK  [0m] Listening on Journal Audit Socket.
[  116.331089] systemd[1]: Created slice System Slice.
[[0;32m  OK  [0m] Created slice System Slice.
[  116.454692] systemd[1]: Listening on Syslog Socket.
[[0;32m  OK  [0m] Listening on Syslog Socket.
[  116.600213] systemd[1]: Reached target Swap.
[[0;32m  OK  [0m] Reached target Swap.
[  116.706834] systemd[1]: Started Forward Password Requests to Wall Directory Watch.
[[0;32m  OK  [0m] Started Forward Password Requests to Wall Directory Watch.
[  116.913855] systemd[1]: Reached target Encrypted Volumes.
[[0;32m  OK  [0m] Reached target Encrypted Volumes.
[  117.062525] systemd[1]: Listening on Journal Socket.
[[0;32m  OK  [0m] Listening on Journal Socket.
[  117.234335] systemd[1]: Starting Nameserver information manager...
         Startin[  117.315832] random: nonblocking pool is initialized
g Nameserver information manager...
[  117.466180] systemd[1]: Starting Load Kernel Modules...
[ 115277 LoadingiSCI rapo css2.87
         Startin[  118.462860] iscsi: registered transport (tcp)
g Load Kernel Modules...
[  118.605092] iscsi: registered transport (iser)
[  118.722440] systemd[1]: Starting Create list of required static device nodes for the current kernel...
         Starting Create list of required st... nodes for the current kernel...
[  119.062475] systemd[1]: Mounting Debug File System...
         Mounting Debug File System...
[ 19.226000 sstemd1]Reached tgeUsr ndro Ne ookups.
[[0;32m  OK  [0m] Reached target User and Group Name Lookups.
[  120.266888] systemd[1]: Mounting Huge Pages File System...
         Mounting Huge Pages File System...
[ 12.462691]syem1]: ard igr resovcf da forneor DS.
[[0;32m  OK  [0m] Started Trigger resolvconf update for networkd DNS.
[ 21628]systmd]:etup aumot rbitrry Exeutleil Frmats Fi Stem utmoun Pnt

[[0;32m  OK  [0m] Set up automount Arbitrary Executab...ats File System Automount Point.
[  1.751 sstemd[1]Lieng n LV mada emon oct.
[[0;32m  OK  [0m] Listening on LVM2 metadata daemon socket.
[  125.121926] systemd[1]: Starting Remount Root and Kernel File Systems...
         [  125.303839] EXT4-fs (sda1): re-mounted. Opts: (null)
Starting Remount Root and Kernel File Systems...
[ 25.5005]ysemd[]:isni o Deve-apr ent aen FO.
[[0;32m  OK  [0m] Listening on Device-mapper event daemon FIFOs.
[  126.837782] systemd[1]: Starting Monitoring of LVM2 mirrors, snapshots etc. using dmeventd or progress polling...
         Starting Monitoring of LVM2 mirrors... dmeventd or progress polling...
[ 12190612] systd[1]Litenig  Jrnaloct delog).
[[0;32m  OK  [0m] Listening on Journal Socket (/dev/log).
[  128.242555] systemd[1]: Starting Journal Service...
         Starting Journal Service...
[  128.441794] systemd[1]: Mounting POSIX Message Queue File System...
         Mounting POSIX Message Queue File System...
[ 12643344] std[: eatesle stm-seiax2et.sice.

[[0;32m  OK  [0m] Created slice system-serial\x2dgetty.slice.
[  19.945] systemd[1]: Created slice User and Session Slice.
[[0;32m  OK  [0m] Created slice User and Session Slice.
[ 30.34392systemd1] Lisenng o uv rn Scket
[[0;32m  OK  [0m] Listening on udev Kernel Socket.
[  11.27811]systd[1]: stin o /dv/nitlCopatibiltyam Ppe.
[[0;32m  OK  [0m] Listening on /dev/initctl Compatibility Named Pipe.
[ 3216582] systed[: eaedtaetSles

[[0;32m  OK  [0m] Reached target Slices.
[ 33.513 sstemd[1: stinon LVM2oldaonsock.
[[0;32m  OK  [0m] Listening on LVM2 poll daemon socket.
[  134.693915] systemd[1]: Starting Set console keymap...
         Starting Set console keymap...
[  134.873669] systemd[1]: Starting Uncomplicated firewall...
         Starting Uncomplicated firewall...
[  15.5821] systd[1: Listeningonudevonoloct.
[[0;32m  OK  [0m] Listening on udev Control Socket.
[  135.904240] systemd[1]: Mounted Huge Pages File System.
[[0;32m  OK  [0m] Mounted Huge Pages File System.
[  136.042074] systemd[1]: Mounted Debug File System.
[[0;32m  OK  [0m] Mounted Debug File System.
[  136.177947] systemd[1]: Mounted POSIX Message Queue File System.
[[0;32m  OK  [0m] Mounted POSIX Message Queue File System.
[  136.350318] systemd[1]: Started Journal Service.
[[0;32m  OK  [0m] Started Journal Service.
[[0;32m  OK  [0m] Started Load Kernel Modules.
[[0;32m  OK  [0m] Started Create list of required sta...ce nodes for the current kernel.
[[0;32m  OK  [0m] Started Remount Root and Kernel File Systems.
[[0;32m  OK  [0m] Started Set console keymap.
[[0;32m  OK  [0m] Started Uncomplicated firewall.
[[0;32m  OK  [0m] Started Nameserver information manager.
[[0;32m  OK  [0m] Started LVM2 metadata daemon.
         Starting Initial cloud-init job (pre-networking)...
         Starting udev Coldplug all Devices...
         Starting Load/Save Random Seed...
         Starting Create Static Device Nodes in /dev...
         Starting Apply Kernel Variables...
         Mounting FUSE Control File System...
         Starting Flush Journal to Persistent Storage...
[[0;32m  OK  [0m] Mounted FUSE Control File System.
[[0;32m  OK  [0m] Started Monitoring of LVM2 mirrors,...ng dmeventd or progress polling.
[[0;32m  OK  [0m] Started Load/Save Random Seed.
[[0;32m  OK  [0m] Started Create Static Device Nodes in /dev.
[[0;32m  OK  [0m] Started Apply Kernel Variables.
[[0;32m  OK  [0m] Started udev Coldplug all Devices.
[[0;32m  OK  [0m] Started Flush Journal to Persistent Storage.
         Starting udev Kernel Device Manager...
[[0;32m  OK  [0m] Started udev Kernel Device Manager.
[[0;32m  OK  [0m] Started Dispatch Password Requests to Console Directory Watch.
[[0;32m  OK  [0m] Reached target Local File Systems (Pre).
[[0;32m  OK  [0m] Reached target Local File Systems.
         Starting Create Volatile Files and Directories...
         Starting Set console font and keymap...
         Starting LSB: AppArmor initialization...
         Starting Tell Plymouth To Write Out Runtime Data...
         Starting Commit a transient machine-id on disk...
[[0;32m  OK  [0m] Started Create Volatile Files and Directories.
[[0;32m  OK  [0m] Started Tell Plymouth To Write Out Runtime Data.
[[0;32m  OK  [0m] Started Commit a transient machine-id on disk.
[[0;32m  OK  [0m] Found device /dev/ttyS0.
[[0;32m  OK  [0m] Reached target System Time Synchronized.
         Starting Update UTMP about System Boot/Shutdown...
[[0;32m  OK  [0m] Started Update UTMP about System Boot/Shutdown.
[   65.562350] cloud-init[448]: Cloud-init v. 17.1 running 'init-local' at Mon, 30 Apr 2018 00:36:46 +0000. Up 64.21 seconds.
[[0;32m  OK  [0m] Started Initial cloud-init job (pre-networking).
[[0;32m  OK  [0m] Listening on Load/Save RF Kill Switch Status /dev/rfkill Watch.
[[0;32m  OK  [0m] Reached target Network (Pre).
[[0;32m  OK  [0m] Started LSB: AppArmor initialization.
         Starting Raise network interfaces...
[[0;32m  OK  [0m] Started Set console font and keymap.
[[0;32m  OK  [0m] Created slice system-getty.slice.
[[0;32m  OK  [0m] Started Raise network interfaces.
         Starting Initial cloud-init job (metadata service crawler)...
[[0;32m  OK  [0m] Reached target Network.
[   72.813441] cloud-init[972]: Cloud-init v. 17.1 running 'init' at Mon, 30 Apr 2018 00:36:53 +0000. Up 71.47 seconds.
[[0;32m  OK  [0m] Started Initial cloud-init job (metadata service crawler).
[   72.958750] cloud-init[972]: ci-info: ++++++++++++++++++++++++++++++++++++++Net device info++++++++++++++++++++++++++++++++++++++
[   73.057005] cloud-init[972]: ci-info: +--------+-------+----------------------------+---------------+-------+-------------------+
[   73.057420] cloud-init[972]: ci-info: | Device |   Up  |          Address           |      Mask     | Scope |     Hw-Address    |
[   73.057574] cloud-init[972]: ci-info: +--------+-------+----------------------------+---------------+-------+-------------------+
[   73.057727] cloud-init[972]: ci-info: | enp0s3 |  True |         10.0.2.15          | 255.255.255.0 |   .   | 02:1f:2a:60:99:e3 |
[   73.057883] cloud-init[972]: ci-info: | enp0s3 |  True | fe80::1f:2aff:fe60:99e3/64 |       .       |  link | 02:1f:2a:60:99:e3 |
[   73.058014] cloud-init[972]: ci-info: | enp0s8 | False |             .              |       .       |   .   | 08:00:27:d5:d8:94 |
[   73.058172] cloud-init[972]: ci-info: |   lo   |  True |         127.0.0.1          |   255.0.0.0   |   .   |         .         |
[   73.058299] cloud-init[972]: ci-info: |   lo   |  True |          ::1/128           |       .       |  host |         .         |
[   73.058438] cloud-init[972]: ci-info: +--------+-------+----------------------------+---------------+-------+-------------------+
[   73.058565] cloud-init[972]: ci-info: +++++++++++++++++++++++++++Route IPv4 info++++++++++++++++++++++++++++
[   73.058698] cloud-init[972]: ci-info: +-------+-------------+----------+---------------+-----------+-------+
[   73.058825] cloud-init[972]: ci-info: | Route | Destination | Gateway  |    Genmask    | Interface | Flags |
[   73.058955] cloud-init[972]: ci-info: +-------+-------------+----------+---------------+-----------+-------+
[   73.059118] cloud-init[972]: ci-info: |   0   |   0.0.0.0   | 10.0.2.2 |    0.0.0.0    |   enp0s3  |   UG  |
[   73.059273] cloud-init[972]: ci-info: |   1   |   10.0.2.0  | 0.0.0.0  | 255.255.255.0 |   enp0s3  |   U   |
[   73.059412] cloud-init[972]: ci-info: +-------+-------------+----------+---------------+-----------+-------+
[   73.059571] cloud-init[972]: Generating public/private rsa key pair.
[   73.059709] cloud-init[972]: Your identification has been saved in /etc/ssh/ssh_host_rsa_key.
[   73.059843] cloud-init[972]: Your public key has been saved in /etc/ssh/ssh_host_rsa_key.pub.
[   73.059979] cloud-init[972]: The key fingerprint is:
[   73.060207] cloud-init[972]: SHA256:0QyMmHquGVjIK4LE0XBzY4W0MTuVSPThLdJrcK/tdhQ root@ubuntu-xenial
[   73.060341] cloud-init[972]: The key's randomart image is:
[   73.060475] cloud-init[972]: +---[RSA 2048]----+
[   73.060610] cloud-init[972]: | .oo+%+*o        |
[   73.060740] cloud-init[972]: | ...*o%.++       |
[   73.060878] cloud-init[972]: |o... * *..o      |
[   73.061012] cloud-init[972]: |.+o . = +. E     |
[   73.061216] cloud-init[972]: |oo.o   oS.  .    |
[   73.061344] cloud-init[972]: |=.. . . o  .     |
[   73.061468] cloud-init[972]: |o  +   . ..      |
[   73.061593] cloud-init[972]: |  o     .. .     |
[   73.061718] cloud-init[972]: |        ...      |
[   73.061843] cloud-init[972]: +----[SHA256]-----+
[   73.061975] cloud-init[972]: Generating public/private dsa key pair.
[   73.062120] cloud-init[972]: Your identification has been saved in /etc/ssh/ssh_host_dsa_key.
[   73.062246] cloud-init[972]: Your public key has been saved in /etc/ssh/ssh_host_dsa_key.pub.
[   73.062374] cloud-init[972]: The key fingerprint is:
[   73.062505] cloud-init[972]: SHA256:8pa8HQDbUeyP1ZA/82CsZzmILkP7bkyNWH/oVgt0YIM root@ubuntu-xenial
[   73.062636] cloud-init[972]: The key's randomart image is:
[   73.062760] cloud-init[972]: +---[DSA 1024]----+
[   73.062885] cloud-init[972]: |         ... .   |
[   73.063045] cloud-init[972]: |         .E *    |
[   73.063171] cloud-init[972]: |      . .. . B   |
[   73.063296] cloud-init[972]: |       + .o o X  |
[   73.063423] cloud-init[972]: |      o So X * * |
[   73.063552] cloud-init[972]: |       +oo= O B .|
[   73.063679] cloud-init[972]: |       .==.. * o |[[0;32m  OK  [0m] Reached target Network is Online.

[   79.029082] cloud-init[972]: |       .+o+.o .  |
         Starting iSCSI initiator daemon (iscsid)...
[[0;32m  OK  [0m] Reached target System Initialization.
[[0;32m  OK  [0m] Started Daily apt download activities.
[[0;32m  OK  [0m] Started Daily Cleanup of Temporary Directories.
[   79.100437] cloud-init[972]: |        .*+.     |
[   79.453308] cloud-init[972]: +----[SHA256]-----+
[   79.512932] cloud-init[972]: Generating public/private ecdsa key pair.
[   79.596322] cloud-init[972]: Your identification has been saved in /etc/ssh/ssh_host_ecdsa_key.
[   79.596567] cloud-init[972]: Your public key has been saved in /etc/ssh/ssh_host_ecdsa_key.pub.
[   79.596927] cloud-init[972]: The key fingerprint is:
[   79.597084] cloud-init[972]: SHA256:lj8RNp+dsx6DGIWKfLAM8wbWVrg4WhkS2mDE/8jyR20 root@ubuntu-xenial
[   79.597242] cloud-init[972]: The key's randomart image is:
[   79.597421] cloud-init[972]: +---[ECDSA 256]---+
[   79.597590] cloud-init[972]: |+o..   ..        |
[   79.597744] cloud-init[972]: |.=. ....   .     |
[   79.597896] cloud-init[972]: |. o.=++.  = .    |
[   79.598048] cloud-init[972]: |   o=O.+ + = o . |
[   79.598200] cloud-init[972]: |  .oo.O S o o +  |
[   79.598388] cloud-init[972]: | ..o + E . + . o |
[   79.598543] cloud-init[972]: |  o . .   + . +  |
[   79.598695] cloud-init[972]: |   . .     . . o |
[   79.598847] cloud-init[972]: |    .         .  |
[   79.598999] cloud-init[972]: +----[SHA256]-----+
[   79.599150] cloud-init[972]: Generating public/private ed25519 key pair.
[   79.599313] cloud-init[972]: Your identification has been saved in /etc/ssh/ssh_host_ed25519_key.
[   79.599493] cloud-init[972]: Your public key has been saved in /etc/ssh/ssh_host_ed25519_key.pub.
[   79.599644] cloud-init[972]: The key fingerprint is:
[   79.599791] cloud-init[972]: SHA256:EhGLPbTiGrqLhlMjKYEtZ5+ZpW1p/1ZSUUviQgbwEAI root@ubuntu-xenial
[   79.599938] cloud-init[972]: The key's randomart image is:
         Starting LXD - unix socket.
[   79.600223]          cloud-initStarting Socket activation for snappy daemon.[972]: 
+--[ED25519 256]--+
[   81.797587] [cloud-init[0;32m  OK  [0m[972]: ] |  E.. B+..o ..o  |Started Daily apt upgrade and clean activities.

[   81.798663] [cloud-init[0;32m  OK  [0m[972]: ] |     = * o ..o . |Started Timer to automatically refresh installed snaps.

[   81.933927] [cloud-init[0;32m  OK  [0m[972]: ] |..  o * . . ...  |Listening on D-Bus System Message Bus Socket.

[   82.086218] cloud-init[972]: |+ +. ..o   ..    |
[   82.304961] [cloud-init[0;32m  OK  [0m[972]: ] | *...B..S  .     |Started ACPI Events Check.

[   82.306165] [cloud-init[0;32m  OK  [0m[972]: ] |+.oo* =.  . .    |Reached target Paths.

[   82.434234] [cloud-init[0;32m  OK  [0m[972]: ] |+o.. o .   o     |Listening on UUID daemon activation socket.

[   82.541059] [cloud-init[0;32m  OK  [0m[972]: ] |+o      . .      |Listening on ACPID Listen Socket.

[[0;32m  OK  [0m] Reached target Timers.
[   82.827221] [cloud-init[0;32m  OK  [0m[972]: ] |=o       o.      |Reached target Cloud-config availability.

[   82.878226] cloud-init[972]: +----[SHA256]-----+
[[0;32m  OK  [0m] Listening on LXD - unix socket.
[[0;32m  OK  [0m] Listening on Socket activation for snappy daemon.
[[0;32m  OK  [0m] Started iSCSI initiator daemon (iscsid).
         Starting Login to default iSCSI targets...
[[0;32m  OK  [0m] Reached target Sockets.
[[0;32m  OK  [0m] Reached target Basic System.
[[0;32m  OK  [0m] Started Unattended Upgrades Shutdown.
         Starting Pollinate to seed the pseudo random number generator...
         Starting System Logging Service...
[[0;32m  OK  [0m] Started ACPI event daemon.
         Starting /etc/rc.local Compatibility...
         Starting Apply the settings specified in cloud-config...
         Starting Login Service...
[[0;32m  OK  [0m] Started D-Bus System Message Bus.
[[0;32m  OK  [0m] Started Regular background program processing daemon.
[[0;32m  OK  [0m] Started Deferred execution scheduler.
         Starting Accounts Service...
         Starting LXD - container startup/shutdown...
         Starting LSB: Record successful boot for GRUB...
         Starting Snappy daemon...
         Starting LSB: MD monitoring daemon...
[[0;32m  OK  [0m] Started FUSE filesystem for LXC.
[[0;32m  OK  [0m] Started System Logging Service.
[[0;32m  OK  [0m] Started /etc/rc.local Compatibility.
[[0;32m  OK  [0m] Started LXD - container startup/shutdown.
[[0;32m  OK  [0m] Started Snappy daemon.
[[0;32m  OK  [0m] Started Login to default iSCSI targets.
[[0;32m  OK  [0m] Started LSB: Record successful boot for GRUB.
[[0;32m  OK  [0m] Started LSB: MD monitoring daemon.
[[0;32m  OK  [0m] Started Login Service.
         Starting Authenticate and Authorize Users to Run Privileged Tasks...
[[0;32m  OK  [0m] Reached target Remote File Systems (Pre).
[[0;32m  OK  [0m] Reached target Remote File Systems.
[   85.556390] cloud-init[1122]: Generating locales (this might take a while)...
         Starting Permit User Sessions...
         Starting LSB: Set the CPU Frequency Scaling governor to "ondemand"...
         Starting LSB: daemon to balance interrupts for SMP systems...
         Starting LSB: VirtualBox Linux Additions...
         Starting LSB: automatic crash report generation...
[[0;32m  OK  [0m] Started Permit User Sessions.
[[0;32m  OK  [0m] Started Authenticate and Authorize Users to Run Privileged Tasks.
[[0;32m  OK  [0m] Started Accounts Service.
[[0;32m  OK  [0m] Started LSB: Set the CPU Frequency Scaling governor to "ondemand".
[[0;32m  OK  [0m] Started Pollinate to seed the pseudo random number generator.
[[0;32m  OK  [0m] Started LSB: daemon to balance interrupts for SMP systems.
         Starting OpenBSD Secure Shell server...
         Starting Hold until boot process finishes up...
         Starting Terminate Plymouth Boot Screen...
[[0;32m  OK  [0m] Started OpenBSD Secure Shell server.
[[0;32m  OK  [0m] Started LSB: VirtualBox Linux Additions.
[[0;32m  OK  [0m] Started LSB: automatic crash report generation.
[[0;32m  OK  [0m] Started Hold until boot process finishes up.
[[0;32m  OK  [0m] Started Terminate Plymouth Boot Screen.
[[0;32m  OK  [0m] Created slice User Slice of vagrant.
         Starting User Manager for UID 1000...
[[0;32m  OK  [0m] Started Session 1 of user vagrant.
         Starting Set console scheme...
[[0;32m  OK  [0m] Started Getty on tty1.
[[0;32m  OK  [0m] Started Serial Getty on ttyS0.
[[0;32m  OK  [0m] Reached target Login Prompts.
[[0;32m  OK  [0m] Reached target Multi-User System.
[[0;32m  OK  [0m] Reached target Graphical Interface.
         Starting Update UTMP about System Runlevel Changes...
[[0;32m  OK  [0m] Started User Manager for UID 1000.
[[0;32m  OK  [0m] Started Set console scheme.
[[0;32m  OK  [0m] Started Update UTMP about System Runlevel Changes.
[   89.288536] cloud-init[1122]:   en_US.UTF-8... done
[   89.341203] cloud-init[1122]: Generation complete.
[   90.406785] cloud-init[1122]: Cloud-init v. 17.1 running 'modules:config' at Mon, 30 Apr 2018 00:37:07 +0000. Up 85.04 seconds.
[[0;32m  OK  [0m] Started Apply the settings specified in cloud-config.
         Starting Execute cloud user/final scripts...
ci-info: no authorized ssh keys fingerprints found for user ubuntu.
<14>Apr 30 00:37:14 ec2: 
<14>Apr 30 00:37:14 ec2: #############################################################
<14>Apr 30 00:37:14 ec2: -----BEGIN SSH HOST KEY FINGERPRINTS-----
<14>Apr 30 00:37:14 ec2: 1024 SHA256:8pa8HQDbUeyP1ZA/82CsZzmILkP7bkyNWH/oVgt0YIM root@ubuntu-xenial (DSA)
<14>Apr 30 00:37:14 ec2: 256 SHA256:lj8RNp+dsx6DGIWKfLAM8wbWVrg4WhkS2mDE/8jyR20 root@ubuntu-xenial (ECDSA)
<14>Apr 30 00:37:14 ec2: 256 SHA256:EhGLPbTiGrqLhlMjKYEtZ5+ZpW1p/1ZSUUviQgbwEAI root@ubuntu-xenial (ED25519)
<14>Apr 30 00:37:14 ec2: 2048 SHA256:0QyMmHquGVjIK4LE0XBzY4W0MTuVSPThLdJrcK/tdhQ root@ubuntu-xenial (RSA)
<14>Apr 30 00:37:14 ec2: -----END SSH HOST KEY FINGERPRINTS-----
<14>Apr 30 00:37:14 ec2: #############################################################
-----BEGIN SSH HOST KEY KEYS-----
ecdsa-sha2-nistp256 AAAAE2VjZHNhLXNoYTItbmlzdHAyNTYAAAAIbmlzdHAyNTYAAABBBPlDBYbG1+zNbMFLwi3GQYVCYzvtmxDiYod9brQiqwB0TkR8P89t+jktolOKXt+5Dl27hfaNIf6QWVKyXzwfTnc= root@ubuntu-xenial
ssh-ed25519 AAAAC3NzaC1lZDI1NTE5AAAAIIq+boPgpymlvKtbS855wnyDrmieGW7QaVwGJ9hgf8t4 root@ubuntu-xenial
ssh-rsa AAAAB3NzaC1yc2EAAAADAQABAAABAQCk6/Kyjdje6+0tvTfoN32E/RVizsFOb1rfSfiXIxOf2OhGz2bPpVDiwiyIe0f/EoeQaqpXQBe3PbFhd89P3RegjAcKkL1YcinOM4ZCXS1AHvtj/NqJ2+vA3Jd8KKaduzp0Dhhh1QFf1CgdiFZMK4ezJ+1k/o7o2NgLT4yIGrbo5ryRJBxJaB/uckPxw8dixkKDNgqO2eUKACiUesIfuvmLgh5Awv4rikss8HQDmcM7AmGkLL/3lv+tBOICQ6JACRNTGnxkWNyDkKVgG1N5OGm/mgVxqLK70PrO4tkgHxDLp011k7F4FTjSeBYxJLkXx7YN0N+dc3QbO5YsHQ3DElOr root@ubuntu-xenial
-----END SSH HOST KEY KEYS-----
[   93.794021] cloud-init[1423]: Cloud-init v. 17.1 running 'modules:final' at Mon, 30 Apr 2018 00:37:13 +0000. Up 91.54 seconds.
[   93.794974] cloud-init[1423]: ci-info: no authorized ssh keys fingerprints found for user ubuntu.
[   93.795400] cloud-init[1423]: Cloud-init v. 17.1 finished at Mon, 30 Apr 2018 00:37:16 +0000. Datasource DataSourceNoCloud [seed=/dev/sdb][dsmode=net].  Up 93.76 seconds

Ubuntu 16.04.3 LTS vagrantstack ttyS0

vagrantstack login: 